<?xml version="1.0" encoding="UTF-8"?>
<robot generator="Robot 6.1.1 (Python 3.10.11 on win32)" generated="20251117 23:47:43.057" rpa="false" schemaversion="4">
<suite id="s1" name="Tests" source="C:\Users\pasij\teka\palautus\osa3\login-robot\src\tests">
<suite id="s1-s1" name="Login" source="C:\Users\pasij\teka\palautus\osa3\login-robot\src\tests\login.robot">
<test id="s1-s1-t1" name="Login With Correct Credentials" line="6">
<kw name="Create User And Input Login Command" type="SETUP">
<kw name="Create User" library="AppLibrary">
<arg>kalle</arg>
<arg>kalle123</arg>
<status status="PASS" starttime="20251117 23:47:43.118" endtime="20251117 23:47:43.118"/>
</kw>
<kw name="Input Login Command" library="resource">
<kw name="Input" library="AppLibrary">
<arg>login</arg>
<status status="PASS" starttime="20251117 23:47:43.118" endtime="20251117 23:47:43.122"/>
</kw>
<status status="PASS" starttime="20251117 23:47:43.118" endtime="20251117 23:47:43.122"/>
</kw>
<status status="PASS" starttime="20251117 23:47:43.118" endtime="20251117 23:47:43.122"/>
</kw>
<kw name="Input Credentials" library="resource">
<arg>kalle</arg>
<arg>kalle123</arg>
<kw name="Input" library="AppLibrary">
<arg>${username}</arg>
<status status="PASS" starttime="20251117 23:47:43.122" endtime="20251117 23:47:43.122"/>
</kw>
<kw name="Input" library="AppLibrary">
<arg>${password}</arg>
<status status="PASS" starttime="20251117 23:47:43.125" endtime="20251117 23:47:43.125"/>
</kw>
<kw name="Run Application" library="AppLibrary">
<status status="PASS" starttime="20251117 23:47:43.125" endtime="20251117 23:47:43.125"/>
</kw>
<status status="PASS" starttime="20251117 23:47:43.122" endtime="20251117 23:47:43.125"/>
</kw>
<kw name="Output Should Contain" library="AppLibrary">
<arg>Logged in</arg>
<status status="PASS" starttime="20251117 23:47:43.125" endtime="20251117 23:47:43.125"/>
</kw>
<status status="PASS" starttime="20251117 23:47:43.118" endtime="20251117 23:47:43.125"/>
</test>
<status status="PASS" starttime="20251117 23:47:43.085" endtime="20251117 23:47:43.125"/>
</suite>
<suite id="s1-s2" name="Reset Counter" source="C:\Users\pasij\teka\palautus\osa3\login-robot\src\tests\reset_counter.robot">
<test id="s1-s2-t1" name="Reset Counter After One Increment" line="5">
<kw name="Counter Value Should Be">
<arg>0</arg>
<msg timestamp="20251117 23:47:43.138" level="FAIL">No keyword with name 'Counter Value Should Be' found.</msg>
<status status="FAIL" starttime="20251117 23:47:43.138" endtime="20251117 23:47:43.138"/>
</kw>
<kw name="Increase Counter">
<status status="NOT RUN" starttime="20251117 23:47:43.138" endtime="20251117 23:47:43.138"/>
</kw>
<kw name="Counter Value Should Be">
<arg>1</arg>
<status status="NOT RUN" starttime="20251117 23:47:43.143" endtime="20251117 23:47:43.143"/>
</kw>
<kw name="Reset Counter">
<status status="NOT RUN" starttime="20251117 23:47:43.143" endtime="20251117 23:47:43.143"/>
</kw>
<kw name="Counter Value Should Be">
<arg>0</arg>
<status status="NOT RUN" starttime="20251117 23:47:43.149" endtime="20251117 23:47:43.149"/>
</kw>
<status status="FAIL" starttime="20251117 23:47:43.138" endtime="20251117 23:47:43.149">No keyword with name 'Counter Value Should Be' found.</status>
</test>
<test id="s1-s2-t2" name="Reset Counter After Several Increments" line="12">
<kw name="Counter Value Should Be">
<arg>0</arg>
<msg timestamp="20251117 23:47:43.155" level="FAIL">No keyword with name 'Counter Value Should Be' found.</msg>
<status status="FAIL" starttime="20251117 23:47:43.155" endtime="20251117 23:47:43.155"/>
</kw>
<kw name="Increment Counter By">
<arg>5</arg>
<status status="NOT RUN" starttime="20251117 23:47:43.157" endtime="20251117 23:47:43.157"/>
</kw>
<kw name="Counter Value Should Be">
<arg>5</arg>
<status status="NOT RUN" starttime="20251117 23:47:43.160" endtime="20251117 23:47:43.160"/>
</kw>
<kw name="Reset Counter">
<status status="NOT RUN" starttime="20251117 23:47:43.162" endtime="20251117 23:47:43.162"/>
</kw>
<kw name="Counter Value Should Be">
<arg>0</arg>
<status status="NOT RUN" starttime="20251117 23:47:43.163" endtime="20251117 23:47:43.164"/>
</kw>
<status status="FAIL" starttime="20251117 23:47:43.153" endtime="20251117 23:47:43.164">No keyword with name 'Counter Value Should Be' found.</status>
</test>
<status status="FAIL" starttime="20251117 23:47:43.129" endtime="20251117 23:47:43.164"/>
</suite>
<status status="FAIL" starttime="20251117 23:47:43.061" endtime="20251117 23:47:43.168"/>
</suite>
<statistics>
<total>
<stat pass="1" fail="2" skip="0">All Tests</stat>
</total>
<tag>
</tag>
<suite>
<stat pass="1" fail="2" skip="0" id="s1" name="Tests">Tests</stat>
<stat pass="1" fail="0" skip="0" id="s1-s1" name="Login">Tests.Login</stat>
<stat pass="0" fail="2" skip="0" id="s1-s2" name="Reset Counter">Tests.Reset Counter</stat>
</suite>
</statistics>
<errors>
</errors>
</robot>
